<?xml version="1.0" encoding="UTF-8"?>
<!-- Generated by org.testng.reporters.JUnitXMLReporter -->
<testsuite ignored="50" hostname="Preet-PC" failures="1" tests="75" name="Test" time="146.702" errors="0" timestamp="2023-05-31T19:15:19 IST">
  <testcase classname="pom.pageFactory.testRunner.RegistrationTest_POM" name="OpenHomeURL" time="4.189"/>
  <testcase classname="pom.pageFactory.testRunner.RegistrationTest_POM" name="LoadAppHome" time="1.825"/>
  <testcase classname="pom.pageFactory.testRunner.RegistrationTest_POM" name="ClickGetStarted" time="1.377"/>
  <testcase classname="pom.pageFactory.testRunner.RegistrationTest_POM" name="ClickRegisterLink" time="0.62"/>
  <testcase classname="pom.pageFactory.testRunner.RegistrationTest_POM" name="registerInvalidUserNameTest" time="1.317"/>
  <testcase classname="pom.pageFactory.testRunner.RegistrationTest_POM" name="registerPasswordMismatchTest" time="1.194"/>
  <testcase classname="pom.pageFactory.testRunner.RegistrationTest_POM" name="ClickSignOutLink" time="8.12">
    <failure type="org.openqa.selenium.NoSuchElementException" message="no such element: Unable to locate element: {&amp;quot;method&amp;quot;:&amp;quot;xpath&amp;quot;,&amp;quot;selector&amp;quot;:&amp;quot;//a[@href=&amp;apos;/logout&amp;apos;]&amp;quot;}
  (Session info: chrome=114.0.5735.90)
For documentation on this error, please visit: https://selenium.dev/exceptions/#no_such_element
Build info: version: &amp;apos;4.8.3&amp;apos;, revision: &amp;apos;e5e76298c3&amp;apos;
System info: os.name: &amp;apos;Windows 10&amp;apos;, os.arch: &amp;apos;amd64&amp;apos;, os.version: &amp;apos;10.0&amp;apos;, java.version: &amp;apos;20.0.1&amp;apos;
Driver info: org.openqa.selenium.chrome.ChromeDriver
Command: [7933522008bc39aae0ec152dfbb3fb66, findElement {using=xpath, value=//a[@href=&amp;apos;/logout&amp;apos;]}]
Capabilities {acceptInsecureCerts: false, browserName: chrome, browserVersion: 114.0.5735.90, chrome: {chromedriverVersion: 114.0.5735.16 (7e1ff058633f..., userDataDir: C:\Users\Preet\AppData\Loca...}, goog:chromeOptions: {debuggerAddress: localhost:50135}, networkConnectionEnabled: false, pageLoadStrategy: normal, platformName: WINDOWS, proxy: Proxy(), se:cdp: ws://localhost:50135/devtoo..., se:cdpVersion: 114.0.5735.90, setWindowRect: true, strictFileInteractability: false, timeouts: {implicit: 0, pageLoad: 300000, script: 30000}, unhandledPromptBehavior: dismiss and notify, webauthn:extension:credBlob: true, webauthn:extension:largeBlob: true, webauthn:extension:minPinLength: true, webauthn:extension:prf: true, webauthn:virtualAuthenticators: true}
Session ID: 7933522008bc39aae0ec152dfbb3fb66">
      <![CDATA[org.openqa.selenium.NoSuchElementException: no such element: Unable to locate element: {"method":"xpath","selector":"//a[@href='/logout']"}
  (Session info: chrome=114.0.5735.90)
For documentation on this error, please visit: https://selenium.dev/exceptions/#no_such_element
Build info: version: '4.8.3', revision: 'e5e76298c3'
System info: os.name: 'Windows 10', os.arch: 'amd64', os.version: '10.0', java.version: '20.0.1'
Driver info: org.openqa.selenium.chrome.ChromeDriver
Command: [7933522008bc39aae0ec152dfbb3fb66, findElement {using=xpath, value=//a[@href='/logout']}]
Capabilities {acceptInsecureCerts: false, browserName: chrome, browserVersion: 114.0.5735.90, chrome: {chromedriverVersion: 114.0.5735.16 (7e1ff058633f..., userDataDir: C:\Users\Preet\AppData\Loca...}, goog:chromeOptions: {debuggerAddress: localhost:50135}, networkConnectionEnabled: false, pageLoadStrategy: normal, platformName: WINDOWS, proxy: Proxy(), se:cdp: ws://localhost:50135/devtoo..., se:cdpVersion: 114.0.5735.90, setWindowRect: true, strictFileInteractability: false, timeouts: {implicit: 0, pageLoad: 300000, script: 30000}, unhandledPromptBehavior: dismiss and notify, webauthn:extension:credBlob: true, webauthn:extension:largeBlob: true, webauthn:extension:minPinLength: true, webauthn:extension:prf: true, webauthn:virtualAuthenticators: true}
Session ID: 7933522008bc39aae0ec152dfbb3fb66
at org.openqa.selenium.remote.codec.w3c.W3CHttpResponseCodec.createException(W3CHttpResponseCodec.java:200)
at org.openqa.selenium.remote.codec.w3c.W3CHttpResponseCodec.decode(W3CHttpResponseCodec.java:133)
at org.openqa.selenium.remote.codec.w3c.W3CHttpResponseCodec.decode(W3CHttpResponseCodec.java:53)
at org.openqa.selenium.remote.HttpCommandExecutor.execute(HttpCommandExecutor.java:193)
at org.openqa.selenium.remote.service.DriverCommandExecutor.invokeExecute(DriverCommandExecutor.java:183)
at org.openqa.selenium.remote.service.DriverCommandExecutor.execute(DriverCommandExecutor.java:158)
at org.openqa.selenium.remote.RemoteWebDriver.execute(RemoteWebDriver.java:543)
at org.openqa.selenium.remote.ElementLocation$ElementFinder$2.findElement(ElementLocation.java:162)
at org.openqa.selenium.remote.ElementLocation.findElement(ElementLocation.java:60)
at org.openqa.selenium.remote.RemoteWebDriver.findElement(RemoteWebDriver.java:352)
at org.openqa.selenium.remote.RemoteWebDriver.findElement(RemoteWebDriver.java:344)
at org.openqa.selenium.support.pagefactory.DefaultElementLocator.findElement(DefaultElementLocator.java:70)
at org.openqa.selenium.support.pagefactory.internal.LocatingElementHandler.invoke(LocatingElementHandler.java:39)
at jdk.proxy2/jdk.proxy2.$Proxy24.click(Unknown Source)
at pom.pageFactory.pageObject.HomePage.clickSignOutLink(HomePage.java:181)
at pom.pageFactory.testRunner.RegistrationTest_POM.ClickSignOutLink(RegistrationTest_POM.java:94)
at java.base/java.util.ArrayList.forEach(ArrayList.java:1511)
... Removed 28 stack frames]]>
    </failure>
  </testcase> <!-- ClickSignOutLink -->
  <testcase classname="pom.pageFactory.testRunner.LoginTest_POM" name="OpenHomeURL" time="0.008"/>
  <testcase classname="pom.pageFactory.testRunner.LoginTest_POM" name="ClickSignInLink" time="0.486"/>
  <testcase classname="pom.pageFactory.testRunner.LoginTest_POM" name="LoginNegativeTest" time="0.858"/>
  <testcase classname="pom.pageFactory.testRunner.LoginTest_POM" name="LoginNegativeTest2" time="0.415"/>
  <testcase classname="pom.pageFactory.testRunner.LoginTest_POM" name="LoginNegativeTest3" time="0.851"/>
  <testcase classname="pom.pageFactory.testRunner.LoginTest_POM" name="UserPositiveTest" time="1.044"/>
  <testcase classname="pom.pageFactory.testRunner.DataStructureTest_POM" name="OpenHomeURL" time="0.013"/>
  <testcase classname="pom.pageFactory.testRunner.DataStructureTest_POM" name="ClickDSLinkOnHomePage" time="0.748"/>
  <testcase classname="pom.pageFactory.testRunner.DataStructureTest_POM" name="DataStructureSmokeTest_TimeComplexity" time="5.044"/>
  <testcase classname="pom.pageFactory.testRunner.DataStructureTest_POM" name="DataStructureSmokeTest_PracticeQuestion" time="0.826"/>
  <testcase classname="pom.pageFactory.testRunner.DataStructureTest_POM" name="DataStructureSmokeTest_Dropdown" time="1.35"/>
  <testcase classname="pom.pageFactory.testRunner.ArrayTest_POM" name="OpenHomeURL" time="0.007"/>
  <testcase classname="pom.pageFactory.testRunner.ArrayTest_POM" name="ArrayPage_WrongInput" time="3.761"/>
  <testcase classname="pom.pageFactory.testRunner.ArrayTest_POM" name="ArrayPage_ArraysInPython" time="0.663"/>
  <testcase classname="pom.pageFactory.testRunner.ArrayTest_POM" name="ArrayPage_ArraysUsingList" time="2.647"/>
  <testcase classname="pom.pageFactory.testRunner.ArrayTest_POM" name="ArrayPage_BasicOperations" time="2.78"/>
  <testcase classname="pom.pageFactory.testRunner.ArrayTest_POM" name="ArrayPage_ApplicationsOfArrays" time="2.686"/>
  <testcase classname="pom.pageFactory.testRunner.ArrayTest_POM" name="ArrayPage_PracticeQuestionsLink" time="0.613"/>
  <testcase classname="pom.pageFactory.testRunner.ArrayTest_POM" name="ArrayPage_PracticeQuestion1" time="1.765"/>
  <testcase classname="pom.pageFactory.testRunner.ArrayTest_POM" name="ArrayPage_PracticeQuestion2" time="1.498"/>
  <testcase classname="pom.pageFactory.testRunner.ArrayTest_POM" name="ArrayPage_PracticeQuestion3" time="1.776"/>
  <testcase classname="pom.pageFactory.testRunner.ArrayTest_POM" name="ArrayPage_PracticeQuestion4" time="2.19"/>
  <testcase classname="pom.pageFactory.testRunner.ArrayTest_POM" name="ArrayPage_DropDown_LL" time="1.205"/>
  <testcase classname="pom.pageFactory.testRunner.LinkedListTest_POM" name="OpenHomeURL" time="0.014"/>
  <testcase classname="pom.pageFactory.testRunner.LinkedListTest_POM" name="introduction" time="2.762"/>
  <testcase classname="pom.pageFactory.testRunner.LinkedListTest_POM" name="create_LinkedList" time="2.857"/>
  <testcase classname="pom.pageFactory.testRunner.LinkedListTest_POM" name="typeOfLinkedList" time="3.159"/>
  <testcase classname="pom.pageFactory.testRunner.LinkedListTest_POM" name="implementLLInPython" time="2.661"/>
  <testcase classname="pom.pageFactory.testRunner.LinkedListTest_POM" name="traversal" time="2.55"/>
  <testcase classname="pom.pageFactory.testRunner.LinkedListTest_POM" name="deletion" time="2.582"/>
  <testcase classname="pom.pageFactory.testRunner.LinkedListTest_POM" name="insertion" time="2.646"/>
  <testcase classname="pom.pageFactory.testRunner.LinkedListTest_POM" name="LinkedList_PracticeQuestionsLink" time="0.666"/>
  <testcase classname="pom.pageFactory.testRunner.LinkedListTest_POM" name="LinkedList_DropDown_LL" time="0.958"/>
  <testcase classname="pom.pageFactory.testRunner.StackTest_POM" name="OpenHomeURL" time="0.007"/>
  <testcase classname="pom.pageFactory.testRunner.StackTest_POM" name="operations_in_stack" time="2.958"/>
  <testcase classname="pom.pageFactory.testRunner.StackTest_POM" name="implementation_stack" time="2.369"/>
  <testcase classname="pom.pageFactory.testRunner.StackTest_POM" name="application_stack" time="2.174"/>
  <testcase classname="pom.pageFactory.testRunner.StackTest_POM" name="stack_PracticeQuestionsLink" time="0.611"/>
  <testcase classname="pom.pageFactory.testRunner.StackTest_POM" name="stack_DropDown" time="0.902"/>
  <testcase classname="pom.pageFactory.testRunner.QueueTest_POM" name="OpenHomeURL" time="0.007"/>
  <testcase classname="pom.pageFactory.testRunner.QueueTest_POM" name="clickImplementationQueue" time="2.785"/>
  <testcase classname="pom.pageFactory.testRunner.QueueTest_POM" name="clickImplementationCollections" time="2.503"/>
  <testcase classname="pom.pageFactory.testRunner.QueueTest_POM" name="clickImplementationArray" time="2.394"/>
  <testcase classname="pom.pageFactory.testRunner.QueueTest_POM" name="clickQueueOperations" time="2.354"/>
  <testcase classname="pom.pageFactory.testRunner.QueueTest_POM" name="queue_PracticeQuestionsLink" time="0.609"/>
  <testcase classname="pom.pageFactory.testRunner.QueueTest_POM" name="queue_Dropdown" time="1.366"/>
  <testcase classname="pom.pageFactory.testRunner.TreeTest_POM" name="OpenHomeURL" time="0.009"/>
  <testcase classname="pom.pageFactory.testRunner.TreeTest_POM" name="click_OverviewOfTrees" time="2.866"/>
  <testcase classname="pom.pageFactory.testRunner.TreeTest_POM" name="click_Terminolgies" time="2.744"/>
  <testcase classname="pom.pageFactory.testRunner.TreeTest_POM" name="click_TypesOfTrees" time="2.896"/>
  <testcase classname="pom.pageFactory.testRunner.TreeTest_POM" name="click_TreeTraversals" time="2.907"/>
  <testcase classname="pom.pageFactory.testRunner.TreeTest_POM" name="click_TraversalIllustration" time="3.289"/>
  <testcase classname="pom.pageFactory.testRunner.TreeTest_POM" name="click_TypesOfBinaryTrees" time="4.747"/>
  <testcase classname="pom.pageFactory.testRunner.TreeTest_POM" name="click_ImpInPython" time="3.246"/>
  <testcase classname="pom.pageFactory.testRunner.TreeTest_POM" name="click_BinaryTreeTravesals" time="3.132"/>
  <testcase classname="pom.pageFactory.testRunner.TreeTest_POM" name="click_ImpOfBinaryTrees" time="2.908"/>
  <testcase classname="pom.pageFactory.testRunner.TreeTest_POM" name="click_AppOfBinaryTrees" time="2.744"/>
  <testcase classname="pom.pageFactory.testRunner.TreeTest_POM" name="click_BinarySearchTrees" time="5.075"/>
  <testcase classname="pom.pageFactory.testRunner.TreeTest_POM" name="click_ImpOfBST" time="3.554"/>
  <testcase classname="pom.pageFactory.testRunner.TreeTest_POM" name="tree_PracticeQuestionsLink" time="0.726"/>
  <testcase classname="pom.pageFactory.testRunner.TreeTest_POM" name="tree_Dropdown" time="1.055"/>
  <testcase classname="pom.pageFactory.testRunner.GraphTest_POM" name="instantiateDriver" time="0.009"/>
  <testcase classname="pom.pageFactory.testRunner.GraphTest_POM" name="click_graphLink_wrongText" time="2.917"/>
  <testcase classname="pom.pageFactory.testRunner.GraphTest_POM" name="click_graph_link" time="2.333"/>
  <testcase classname="pom.pageFactory.testRunner.GraphTest_POM" name="click_graph_representation" time="3.001"/>
  <testcase classname="pom.pageFactory.testRunner.GraphTest_POM" name="click_graph_practice_questions" time="0.651"/>
  <testcase classname="pom.pageFactory.testRunner.GraphTest_POM" name="graphPage_ClickSignOut" time="0.793"/>
  <testcase classname="pom.pageFactory.testRunner.GraphTest_POM" name="closeDriver" time="0.454"/>
  <testcase classname="pom.pageFactory.testRunner.DataStructureTest_POM" name="LoginUser" time="0.0">
    <ignored/>
  </testcase> <!-- LoginUser -->
  <testcase classname="pom.pageFactory.testRunner.QueueTest_POM" name="LoadAppHome" time="0.0">
    <ignored/>
  </testcase> <!-- LoadAppHome -->
  <testcase classname="pom.pageFactory.testRunner.TreeTest_POM" name="Click_SignInLink" time="0.0">
    <ignored/>
  </testcase> <!-- Click_SignInLink -->
  <testcase classname="pom.pageFactory.testRunner.StackTest_POM" name="LoginUser" time="0.0">
    <ignored/>
  </testcase> <!-- LoginUser -->
  <testcase classname="pom.pageFactory.testRunner.TreeTest_POM" name="closeDriver" time="0.0">
    <ignored/>
  </testcase> <!-- closeDriver -->
  <testcase classname="pom.pageFactory.testRunner.QueueTest_POM" name="stackPage_ClickSignOut" time="0.0">
    <ignored/>
  </testcase> <!-- stackPage_ClickSignOut -->
  <testcase classname="pom.pageFactory.testRunner.StackTest_POM" name="ClickSignInLink" time="0.0">
    <ignored/>
  </testcase> <!-- ClickSignInLink -->
  <testcase classname="pom.pageFactory.testRunner.DataStructureTest_POM" name="ClickSignInLink" time="0.0">
    <ignored/>
  </testcase> <!-- ClickSignInLink -->
  <testcase classname="pom.pageFactory.testRunner.LinkedListTest_POM" name="LoadAppHome" time="0.0">
    <ignored/>
  </testcase> <!-- LoadAppHome -->
  <testcase classname="pom.pageFactory.testRunner.QueueTest_POM" name="ClickGetStarted" time="0.0">
    <ignored/>
  </testcase> <!-- ClickGetStarted -->
  <testcase classname="pom.pageFactory.testRunner.ArrayTest_POM" name="ClickSignInLink" time="0.0">
    <ignored/>
  </testcase> <!-- ClickSignInLink -->
  <testcase classname="pom.pageFactory.testRunner.ArrayTest_POM" name="arrayPageSmokeTest_ClickSignOut" time="0.0">
    <ignored/>
  </testcase> <!-- arrayPageSmokeTest_ClickSignOut -->
  <testcase classname="pom.pageFactory.testRunner.TreeTest_POM" name="treePage_ClickSignOut" time="0.0">
    <ignored/>
  </testcase> <!-- treePage_ClickSignOut -->
  <testcase classname="pom.pageFactory.testRunner.QueueTest_POM" name="closeDriver" time="0.0">
    <ignored/>
  </testcase> <!-- closeDriver -->
  <testcase classname="pom.pageFactory.testRunner.ArrayTest_POM" name="ClickArrayLinkOnHomePage" time="0.0">
    <ignored/>
  </testcase> <!-- ClickArrayLinkOnHomePage -->
  <testcase classname="pom.pageFactory.testRunner.TreeTest_POM" name="Login_User" time="0.0">
    <ignored/>
  </testcase> <!-- Login_User -->
  <testcase classname="pom.pageFactory.testRunner.TreeTest_POM" name="LoadAppHome" time="0.0">
    <ignored/>
  </testcase> <!-- LoadAppHome -->
  <testcase classname="pom.pageFactory.testRunner.LinkedListTest_POM" name="closeDriver" time="0.0">
    <ignored/>
  </testcase> <!-- closeDriver -->
  <testcase classname="pom.pageFactory.testRunner.TreeTest_POM" name="Click_TreeOnHomePage" time="0.0">
    <ignored/>
  </testcase> <!-- Click_TreeOnHomePage -->
  <testcase classname="pom.pageFactory.testRunner.ArrayTest_POM" name="LoginUser" time="0.0">
    <ignored/>
  </testcase> <!-- LoginUser -->
  <testcase classname="pom.pageFactory.testRunner.LinkedListTest_POM" name="ClickGetStarted" time="0.0">
    <ignored/>
  </testcase> <!-- ClickGetStarted -->
  <testcase classname="pom.pageFactory.testRunner.TreeTest_POM" name="Click_GetStarted" time="0.0">
    <ignored/>
  </testcase> <!-- Click_GetStarted -->
  <testcase classname="pom.pageFactory.testRunner.GraphTest_POM" name="Click_GraphOnHomePage" time="0.0">
    <ignored/>
  </testcase> <!-- Click_GraphOnHomePage -->
  <testcase classname="pom.pageFactory.testRunner.DataStructureTest_POM" name="DataStructureSmokeTest_ClickSignOut" time="0.0">
    <ignored/>
  </testcase> <!-- DataStructureSmokeTest_ClickSignOut -->
  <testcase classname="pom.pageFactory.testRunner.LoginTest_POM" name="ClickGetStarted" time="0.0">
    <ignored/>
  </testcase> <!-- ClickGetStarted -->
  <testcase classname="pom.pageFactory.testRunner.GraphTest_POM" name="Click_GetStarted" time="0.0">
    <ignored/>
  </testcase> <!-- Click_GetStarted -->
  <testcase classname="pom.pageFactory.testRunner.ArrayTest_POM" name="LoadAppHome" time="0.0">
    <ignored/>
  </testcase> <!-- LoadAppHome -->
  <testcase classname="pom.pageFactory.testRunner.StackTest_POM" name="closeDriver" time="0.0">
    <ignored/>
  </testcase> <!-- closeDriver -->
  <testcase classname="pom.pageFactory.testRunner.LinkedListTest_POM" name="ClickLinkedListLinkOnHomePage" time="0.0">
    <ignored/>
  </testcase> <!-- ClickLinkedListLinkOnHomePage -->
  <testcase classname="pom.pageFactory.testRunner.StackTest_POM" name="ClickStackOnHomePage" time="0.0">
    <ignored/>
  </testcase> <!-- ClickStackOnHomePage -->
  <testcase classname="pom.pageFactory.testRunner.GraphTest_POM" name="Login_User" time="0.0">
    <ignored/>
  </testcase> <!-- Login_User -->
  <testcase classname="pom.pageFactory.testRunner.GraphTest_POM" name="LoadAppHome" time="0.0">
    <ignored/>
  </testcase> <!-- LoadAppHome -->
  <testcase classname="pom.pageFactory.testRunner.DataStructureTest_POM" name="ClickGetStarted" time="0.0">
    <ignored/>
  </testcase> <!-- ClickGetStarted -->
  <testcase classname="pom.pageFactory.testRunner.QueueTest_POM" name="ClickQueueOnHomePage" time="0.0">
    <ignored/>
  </testcase> <!-- ClickQueueOnHomePage -->
  <testcase classname="pom.pageFactory.testRunner.StackTest_POM" name="ClickGetStarted" time="0.0">
    <ignored/>
  </testcase> <!-- ClickGetStarted -->
  <testcase classname="pom.pageFactory.testRunner.DataStructureTest_POM" name="closeDriver" time="0.0">
    <ignored/>
  </testcase> <!-- closeDriver -->
  <testcase classname="pom.pageFactory.testRunner.LinkedListTest_POM" name="LinkedListPage_ClickSignOut" time="0.0">
    <ignored/>
  </testcase> <!-- LinkedListPage_ClickSignOut -->
  <testcase classname="pom.pageFactory.testRunner.LoginTest_POM" name="LoadAppHome" time="0.0">
    <ignored/>
  </testcase> <!-- LoadAppHome -->
  <testcase classname="pom.pageFactory.testRunner.ArrayTest_POM" name="closeDriver" time="0.0">
    <ignored/>
  </testcase> <!-- closeDriver -->
  <testcase classname="pom.pageFactory.testRunner.StackTest_POM" name="stackPage_ClickSignOut" time="0.0">
    <ignored/>
  </testcase> <!-- stackPage_ClickSignOut -->
  <testcase classname="pom.pageFactory.testRunner.QueueTest_POM" name="ClickSignInLink" time="0.0">
    <ignored/>
  </testcase> <!-- ClickSignInLink -->
  <testcase classname="pom.pageFactory.testRunner.ArrayTest_POM" name="ClickGetStarted" time="0.0">
    <ignored/>
  </testcase> <!-- ClickGetStarted -->
  <testcase classname="pom.pageFactory.testRunner.LinkedListTest_POM" name="LoginUser" time="0.0">
    <ignored/>
  </testcase> <!-- LoginUser -->
  <testcase classname="pom.pageFactory.testRunner.QueueTest_POM" name="LoginUser" time="0.0">
    <ignored/>
  </testcase> <!-- LoginUser -->
  <testcase classname="pom.pageFactory.testRunner.LinkedListTest_POM" name="ClickSignInLink" time="0.0">
    <ignored/>
  </testcase> <!-- ClickSignInLink -->
  <testcase classname="pom.pageFactory.testRunner.DataStructureTest_POM" name="LoadAppHome" time="0.0">
    <ignored/>
  </testcase> <!-- LoadAppHome -->
  <testcase classname="pom.pageFactory.testRunner.GraphTest_POM" name="Click_SignInLink" time="0.0">
    <ignored/>
  </testcase> <!-- Click_SignInLink -->
  <testcase classname="pom.pageFactory.testRunner.RegistrationTest_POM" name="closeDriver" time="0.0">
    <ignored/>
  </testcase> <!-- closeDriver -->
  <testcase classname="pom.pageFactory.testRunner.StackTest_POM" name="LoadAppHome" time="0.0">
    <ignored/>
  </testcase> <!-- LoadAppHome -->
  <testcase classname="pom.pageFactory.testRunner.RegistrationTest_POM" name="registerUserPositiveTest" time="0.0">
    <ignored/>
  </testcase> <!-- registerUserPositiveTest -->
</testsuite> <!-- Test -->
